INFO 2025-02-24 20:11:59,274 views: Started Index Page Logic
INFO 2025-02-24 20:11:59,393 basehttp: "GET /?search_title=%E1%83%A1%E1%83%9E%E1%83%98%E1%83%9A%E1%83%9D%E1%83%94%E1%83%91%E1%83%A1&search_author=%E1%83%90%E1%83%92%E1%83%90%E1%83%97%E1%83%90 HTTP/1.1" 200 18119
INFO 2025-02-24 20:12:16,470 views: Started Index Page Logic
INFO 2025-02-24 20:12:16,470 views: Search Title: None, Search Author: None
INFO 2025-02-24 20:12:16,575 views: Books found: 9
INFO 2025-02-24 20:12:16,637 basehttp: "GET / HTTP/1.1" 200 93287
INFO 2025-02-24 20:12:38,782 views: Started Index Page Logic
INFO 2025-02-24 20:12:38,906 basehttp: "GET /?search_title=%E1%83%9E%E1%83%A3%E1%83%90%E1%83%A0%E1%83%9D&search_author=%E1%83%90%E1%83%92%E1%83%90%E1%83%97%E1%83%90 HTTP/1.1" 200 27316
INFO 2025-02-24 20:14:39,361 views: Started Index Page Logic
INFO 2025-02-24 20:14:39,361 views: Search Title: , Search Author: agatha
INFO 2025-02-24 20:14:39,452 basehttp: "GET /?search_title=&search_author=agatha HTTP/1.1" 200 6994
INFO 2025-02-24 20:23:21,281 autoreload: C:\Users\khide\Desktop\Coding\Django\Book Management\core\views.py changed, reloading.
INFO 2025-02-24 20:23:22,523 autoreload: Watching for file changes with StatReloader
INFO 2025-02-24 20:24:11,270 autoreload: C:\Users\khide\Desktop\Coding\Django\Book Management\core\views.py changed, reloading.
INFO 2025-02-24 20:24:12,830 autoreload: Watching for file changes with StatReloader
INFO 2025-02-24 20:24:30,241 autoreload: C:\Users\khide\Desktop\Coding\Django\Book Management\core\views.py changed, reloading.
INFO 2025-02-24 20:24:31,275 autoreload: Watching for file changes with StatReloader
INFO 2025-02-24 20:27:43,102 autoreload: C:\Users\khide\Desktop\Coding\Django\Book Management\core\views.py changed, reloading.
INFO 2025-02-24 20:27:44,596 autoreload: Watching for file changes with StatReloader
INFO 2025-02-24 20:28:09,969 autoreload: C:\Users\khide\Desktop\Coding\Django\Book Management\core\views.py changed, reloading.
INFO 2025-02-24 20:28:10,988 autoreload: Watching for file changes with StatReloader
INFO 2025-02-24 20:29:55,335 autoreload: C:\Users\khide\Desktop\Coding\Django\Book Management\core\views.py changed, reloading.
INFO 2025-02-24 20:29:56,462 autoreload: Watching for file changes with StatReloader
INFO 2025-02-24 20:29:57,296 views: Started Index Page Logic
INFO 2025-02-24 20:29:57,296 views: Search Title: None, Search Author: None
INFO 2025-02-24 20:29:57,366 views: Books found: 9
INFO 2025-02-24 20:29:57,431 basehttp: "GET / HTTP/1.1" 200 93287
INFO 2025-02-24 20:30:00,561 views: Viewing Book asasdas by asdasd
INFO 2025-02-24 20:30:00,595 basehttp: "GET /book/14/ HTTP/1.1" 200 5303
INFO 2025-02-24 20:30:12,332 views: Started Editing Book asasdas by asdasd
INFO 2025-02-24 20:30:12,380 basehttp: "GET /book/update/14/ HTTP/1.1" 200 7148
INFO 2025-02-24 20:30:47,232 views: Started Deleting Book asasdas by asdasd
INFO 2025-02-24 20:30:47,244 views: Deleted Book asasdas by asdasd
INFO 2025-02-24 20:30:47,245 basehttp: "POST /book/delete/14/ HTTP/1.1" 302 0
INFO 2025-02-24 20:30:47,245 views: Started Index Page Logic
INFO 2025-02-24 20:30:47,245 views: Search Title: None, Search Author: None
INFO 2025-02-24 20:30:47,315 views: Books found: 8
INFO 2025-02-24 20:30:47,345 basehttp: "GET / HTTP/1.1" 200 86594
INFO 2025-02-24 20:32:02,822 autoreload: C:\Users\khide\Desktop\Coding\Django\Book Management\core\views.py changed, reloading.
INFO 2025-02-24 20:32:04,098 autoreload: Watching for file changes with StatReloader
INFO 2025-02-24 20:33:00,107 basehttp: "GET /book/8/ HTTP/1.1" 200 7694
INFO 2025-02-24 20:33:06,191 basehttp: "POST /book/delete/8/ HTTP/1.1" 302 0
INFO 2025-02-24 20:33:06,201 views: Viewing Index Page
INFO 2025-02-24 20:33:06,201 views: Search Title: None, Search Author: None
INFO 2025-02-24 20:33:06,278 views: Books found: 7
INFO 2025-02-24 20:33:06,316 basehttp: "GET / HTTP/1.1" 200 75469
INFO 2025-02-24 20:35:28,454 views: Viewing Index Page
INFO 2025-02-24 20:35:28,454 views: Search Title: None, Search Author: None
INFO 2025-02-24 20:35:28,518 views: Books found: 7
INFO 2025-02-24 20:35:28,565 basehttp: "GET / HTTP/1.1" 200 75469
INFO 2025-02-24 20:35:32,972 basehttp: "GET /book/7/ HTTP/1.1" 200 6861
INFO 2025-02-24 20:35:33,179 basehttp: "GET /media/book_covers/ART0pnOmXnc1aLvZR6aBw02yTMyIzc.png HTTP/1.1" 200 1762231
INFO 2025-02-24 20:35:58,772 basehttp: "GET /book/update/7 HTTP/1.1" 301 0
INFO 2025-02-24 20:35:58,987 basehttp: "GET /book/update/7/ HTTP/1.1" 200 8975
